[{
  "comments": [{
    "author": {
      "login": "dongjoon-hyun"
    },
    "body": "This is needed to fix the following error due to `org.apache.spark.tags.ExtendedYarnTest`.\r\n```\r\n[info] Running Spark tests using Maven with these arguments:  -Phadoop-2.3 -Phive -Pyarn -Pmesos -Phive-thriftserver -Pkinesis-asl -Dtest.exclude.tags=org.apache.spark.tags.ExtendedHiveTest,org.apache.spark.tags.ExtendedYarnTest test --fail-at-end\r\n...\r\n[INFO] Spark Project Mesos ................................ FAILURE [ 10.687 s]\r\n...\r\n[ERROR] Failed to execute goal org.apache.maven.plugins:maven-surefire-plugin:2.19.1:test (default-test) on project spark-mesos_2.11: Execution default-test of goal org.apache.maven.plugins:maven-surefire-plugin:2.19.1:test failed: There was an error in the forked process\r\n[ERROR] java.lang.RuntimeException: Unable to load category: org.apache.spark.tags.ExtendedYarnTest\r\n[ERROR] at org.apache.maven.surefire.group.match.SingleGroupMatcher.loadGroupClasses(SingleGroupMatcher.java:139)\r\n[ERROR] at ...\r\n[ERROR] Caused by: java.lang.ClassNotFoundException: org.apache.spark.tags.ExtendedYarnTest\r\n...\r\n```",
    "commit": "b9e336f896f35e46342f65fcf619d740167cd4e5",
    "createdAt": "2017-02-07T03:52:18Z",
    "diffHunk": "@@ -49,6 +49,13 @@\n     </dependency>\n \n     <dependency>\n+      <groupId>org.apache.spark</groupId>\n+      <artifactId>spark-tags_${scala.binary.version}</artifactId>\n+      <type>test-jar</type>\n+      <scope>test</scope>\n+    </dependency>",
    "line": 8
  }],
  "prId": 16795
}]